2019-10-30 13:50:42.370; [main]; Enter notification.Application; void notification.Application.addnotif(Notification, Observer)_ID_16863697101; void notification.Application.addnotif(Notification, Observer) 
2019-10-30 13:50:42.380; [main]; Enter notification.Application; void notification.Application.Attach(Observer)_ID_16863697101; void notification.Application.Attach(Observer) 
2019-10-30 13:50:42.381; [main]; notification.Application; void notification.Application.Attach(Observer)_ID_16863697101; void notification.Application.Attach(Observer) 
2019-10-30 13:50:42.383; [main]; Enter notification.Application; void notification.Application.Notify()_ID_16863697101; void notification.Application.Notify() 
2019-10-30 13:50:42.383; [main]; Enter notification.User; void notification.User.update(Application)_ID_16863697101; void notification.User.update(Application) 
2019-10-30 13:50:42.384; [main]; Enter notification.Application; ArrayList notification.Application.getState()_ID_16863697101; ArrayList notification.Application.getState() 
2019-10-30 13:50:42.385; [main]; notification.Application; ArrayList notification.Application.getState()_ID_16863697101; ArrayList notification.Application.getState() 
2019-10-30 13:50:42.386; [main]; Enter notification.User; void notification.User.checknotif(ArrayList)_ID_16863697101; void notification.User.checknotif(ArrayList) 
2019-10-30 13:50:42.386; [main]; notification.User; void notification.User.checknotif(ArrayList)_ID_16863697101; void notification.User.checknotif(ArrayList) 
2019-10-30 13:50:42.387; [main]; notification.User; void notification.User.update(Application)_ID_16863697101; void notification.User.update(Application) 
2019-10-30 13:50:42.387; [main]; notification.Application; void notification.Application.Notify()_ID_16863697101; void notification.Application.Notify() 
2019-10-30 13:50:44.402; [main]; Enter notification.Application; void notification.Application.Deattach(Observer)_ID_16863697101; void notification.Application.Deattach(Observer) 
2019-10-30 13:50:44.403; [main]; notification.Application; void notification.Application.Deattach(Observer)_ID_16863697101; void notification.Application.Deattach(Observer) 
2019-10-30 13:50:44.403; [main]; notification.Application; void notification.Application.addnotif(Notification, Observer)_ID_16863697101; void notification.Application.addnotif(Notification, Observer) 
2019-10-30 13:50:44.404; [main]; Enter notification.Application; void notification.Application.addnotif(Notification, Observer)_ID_16863697102; void notification.Application.addnotif(Notification, Observer) 
2019-10-30 13:50:44.405; [main]; Enter notification.Application; void notification.Application.Attach(Observer)_ID_16863697102; void notification.Application.Attach(Observer) 
2019-10-30 13:50:44.405; [main]; notification.Application; void notification.Application.Attach(Observer)_ID_16863697102; void notification.Application.Attach(Observer) 
2019-10-30 13:50:44.406; [main]; Enter notification.Application; void notification.Application.Notify()_ID_16863697102; void notification.Application.Notify() 
2019-10-30 13:50:44.406; [main]; Enter notification.User; void notification.User.update(Application)_ID_16863697102; void notification.User.update(Application) 
2019-10-30 13:50:44.407; [main]; Enter notification.Application; ArrayList notification.Application.getState()_ID_16863697102; ArrayList notification.Application.getState() 
2019-10-30 13:50:44.407; [main]; notification.Application; ArrayList notification.Application.getState()_ID_16863697102; ArrayList notification.Application.getState() 
2019-10-30 13:50:44.411; [main]; Enter notification.User; void notification.User.checknotif(ArrayList)_ID_16863697102; void notification.User.checknotif(ArrayList) 
2019-10-30 13:50:44.412; [main]; notification.User; void notification.User.checknotif(ArrayList)_ID_16863697102; void notification.User.checknotif(ArrayList) 
2019-10-30 13:50:44.414; [main]; notification.User; void notification.User.update(Application)_ID_16863697102; void notification.User.update(Application) 
2019-10-30 13:50:44.414; [main]; notification.Application; void notification.Application.Notify()_ID_16863697102; void notification.Application.Notify() 
2019-10-30 13:50:46.433; [main]; Enter notification.Application; void notification.Application.Deattach(Observer)_ID_16863697102; void notification.Application.Deattach(Observer) 
2019-10-30 13:50:46.433; [main]; notification.Application; void notification.Application.Deattach(Observer)_ID_16863697102; void notification.Application.Deattach(Observer) 
2019-10-30 13:50:46.434; [main]; notification.Application; void notification.Application.addnotif(Notification, Observer)_ID_16863697102; void notification.Application.addnotif(Notification, Observer) 
2019-10-30 13:50:46.437; [main]; Enter notification.Application; void notification.Application.addnotif(Notification, Observer)_ID_16863697103; void notification.Application.addnotif(Notification, Observer) 
2019-10-30 13:50:46.438; [main]; Enter notification.Application; void notification.Application.Attach(Observer)_ID_16863697103; void notification.Application.Attach(Observer) 
2019-10-30 13:50:46.439; [main]; notification.Application; void notification.Application.Attach(Observer)_ID_16863697103; void notification.Application.Attach(Observer) 
2019-10-30 13:50:46.440; [main]; Enter notification.Application; void notification.Application.Notify()_ID_16863697103; void notification.Application.Notify() 
2019-10-30 13:50:46.443; [main]; Enter notification.User; void notification.User.update(Application)_ID_16863697103; void notification.User.update(Application) 
2019-10-30 13:50:46.446; [main]; Enter notification.Application; ArrayList notification.Application.getState()_ID_16863697103; ArrayList notification.Application.getState() 
2019-10-30 13:50:46.447; [main]; notification.Application; ArrayList notification.Application.getState()_ID_16863697103; ArrayList notification.Application.getState() 
2019-10-30 13:50:46.449; [main]; Enter notification.User; void notification.User.checknotif(ArrayList)_ID_16863697103; void notification.User.checknotif(ArrayList) 
2019-10-30 13:50:46.450; [main]; notification.User; void notification.User.checknotif(ArrayList)_ID_16863697103; void notification.User.checknotif(ArrayList) 
2019-10-30 13:50:46.450; [main]; notification.User; void notification.User.update(Application)_ID_16863697103; void notification.User.update(Application) 
2019-10-30 13:50:46.451; [main]; notification.Application; void notification.Application.Notify()_ID_16863697103; void notification.Application.Notify() 
2019-10-30 13:50:48.468; [main]; Enter notification.Application; void notification.Application.Deattach(Observer)_ID_16863697103; void notification.Application.Deattach(Observer) 
2019-10-30 13:50:48.470; [main]; notification.Application; void notification.Application.Deattach(Observer)_ID_16863697103; void notification.Application.Deattach(Observer) 
2019-10-30 13:50:48.470; [main]; notification.Application; void notification.Application.addnotif(Notification, Observer)_ID_16863697103; void notification.Application.addnotif(Notification, Observer) 
2019-10-30 13:50:48.472; [main]; Enter notification.Application; void notification.Application.addnotif(Notification, Observer)_ID_16863697104; void notification.Application.addnotif(Notification, Observer) 
2019-10-30 13:50:48.472; [main]; Enter notification.Application; void notification.Application.Attach(Observer)_ID_16863697104; void notification.Application.Attach(Observer) 
2019-10-30 13:50:48.472; [main]; notification.Application; void notification.Application.Attach(Observer)_ID_16863697104; void notification.Application.Attach(Observer) 
2019-10-30 13:50:48.473; [main]; Enter notification.Application; void notification.Application.Notify()_ID_16863697104; void notification.Application.Notify() 
2019-10-30 13:50:48.475; [main]; Enter notification.User; void notification.User.update(Application)_ID_16863697104; void notification.User.update(Application) 
2019-10-30 13:50:48.475; [main]; Enter notification.Application; ArrayList notification.Application.getState()_ID_16863697104; ArrayList notification.Application.getState() 
2019-10-30 13:50:48.477; [main]; notification.Application; ArrayList notification.Application.getState()_ID_16863697104; ArrayList notification.Application.getState() 
2019-10-30 13:50:48.478; [main]; Enter notification.User; void notification.User.checknotif(ArrayList)_ID_16863697104; void notification.User.checknotif(ArrayList) 
2019-10-30 13:50:48.478; [main]; notification.User; void notification.User.checknotif(ArrayList)_ID_16863697104; void notification.User.checknotif(ArrayList) 
2019-10-30 13:50:48.479; [main]; notification.User; void notification.User.update(Application)_ID_16863697104; void notification.User.update(Application) 
2019-10-30 13:50:48.479; [main]; notification.Application; void notification.Application.Notify()_ID_16863697104; void notification.Application.Notify() 
2019-10-30 13:50:50.492; [main]; Enter notification.Application; void notification.Application.Deattach(Observer)_ID_16863697104; void notification.Application.Deattach(Observer) 
2019-10-30 13:50:50.493; [main]; notification.Application; void notification.Application.Deattach(Observer)_ID_16863697104; void notification.Application.Deattach(Observer) 
2019-10-30 13:50:50.495; [main]; notification.Application; void notification.Application.addnotif(Notification, Observer)_ID_16863697104; void notification.Application.addnotif(Notification, Observer) 
2019-10-30 13:50:50.500; [main]; Enter notification.Application; void notification.Application.addnotif(Notification, Observer)_ID_16863697105; void notification.Application.addnotif(Notification, Observer) 
2019-10-30 13:50:50.502; [main]; Enter notification.Application; void notification.Application.Attach(Observer)_ID_16863697105; void notification.Application.Attach(Observer) 
2019-10-30 13:50:50.503; [main]; notification.Application; void notification.Application.Attach(Observer)_ID_16863697105; void notification.Application.Attach(Observer) 
2019-10-30 13:50:50.504; [main]; Enter notification.Application; void notification.Application.Notify()_ID_16863697105; void notification.Application.Notify() 
2019-10-30 13:50:50.505; [main]; Enter notification.User; void notification.User.update(Application)_ID_16863697105; void notification.User.update(Application) 
2019-10-30 13:50:50.506; [main]; Enter notification.Application; ArrayList notification.Application.getState()_ID_16863697105; ArrayList notification.Application.getState() 
2019-10-30 13:50:50.506; [main]; notification.Application; ArrayList notification.Application.getState()_ID_16863697105; ArrayList notification.Application.getState() 
2019-10-30 13:50:50.509; [main]; Enter notification.User; void notification.User.checknotif(ArrayList)_ID_16863697105; void notification.User.checknotif(ArrayList) 
2019-10-30 13:50:50.511; [main]; notification.User; void notification.User.checknotif(ArrayList)_ID_16863697105; void notification.User.checknotif(ArrayList) 
2019-10-30 13:50:50.511; [main]; notification.User; void notification.User.update(Application)_ID_16863697105; void notification.User.update(Application) 
2019-10-30 13:50:50.511; [main]; notification.Application; void notification.Application.Notify()_ID_16863697105; void notification.Application.Notify() 
2019-10-30 13:50:52.524; [main]; Enter notification.Application; void notification.Application.Deattach(Observer)_ID_16863697105; void notification.Application.Deattach(Observer) 
2019-10-30 13:50:52.526; [main]; notification.Application; void notification.Application.Deattach(Observer)_ID_16863697105; void notification.Application.Deattach(Observer) 
2019-10-30 13:50:52.527; [main]; notification.Application; void notification.Application.addnotif(Notification, Observer)_ID_16863697105; void notification.Application.addnotif(Notification, Observer) 
2019-10-30 13:50:52.530; [main]; Enter notification.Application; void notification.Application.addnotif(Notification, Observer)_ID_16863697106; void notification.Application.addnotif(Notification, Observer) 
2019-10-30 13:50:52.535; [main]; Enter notification.Application; void notification.Application.Attach(Observer)_ID_16863697106; void notification.Application.Attach(Observer) 
2019-10-30 13:50:52.536; [main]; notification.Application; void notification.Application.Attach(Observer)_ID_16863697106; void notification.Application.Attach(Observer) 
2019-10-30 13:50:52.538; [main]; Enter notification.Application; void notification.Application.Notify()_ID_16863697106; void notification.Application.Notify() 
2019-10-30 13:50:52.539; [main]; Enter notification.User; void notification.User.update(Application)_ID_16863697106; void notification.User.update(Application) 
2019-10-30 13:50:52.543; [main]; Enter notification.Application; ArrayList notification.Application.getState()_ID_16863697106; ArrayList notification.Application.getState() 
2019-10-30 13:50:52.549; [main]; notification.Application; ArrayList notification.Application.getState()_ID_16863697106; ArrayList notification.Application.getState() 
2019-10-30 13:50:52.550; [main]; Enter notification.User; void notification.User.checknotif(ArrayList)_ID_16863697106; void notification.User.checknotif(ArrayList) 
2019-10-30 13:50:52.551; [main]; notification.User; void notification.User.checknotif(ArrayList)_ID_16863697106; void notification.User.checknotif(ArrayList) 
2019-10-30 13:50:52.552; [main]; notification.User; void notification.User.update(Application)_ID_16863697106; void notification.User.update(Application) 
2019-10-30 13:50:52.552; [main]; notification.Application; void notification.Application.Notify()_ID_16863697106; void notification.Application.Notify() 
2019-10-30 13:50:54.566; [main]; Enter notification.Application; void notification.Application.Deattach(Observer)_ID_16863697106; void notification.Application.Deattach(Observer) 
2019-10-30 13:50:54.566; [main]; notification.Application; void notification.Application.Deattach(Observer)_ID_16863697106; void notification.Application.Deattach(Observer) 
2019-10-30 13:50:54.567; [main]; notification.Application; void notification.Application.addnotif(Notification, Observer)_ID_16863697106; void notification.Application.addnotif(Notification, Observer) 
